# JRE version: OpenJDK Runtime Environment (21.0.1+12) (build 21.0.1+12-29)
# Java VM: OpenJDK 64-Bit Server VM (21.0.1+12-29, mixed mode, sharing, tiered, compressed oops, compressed class ptrs, g1 gc, bsd-aarch64)
Heap:
 garbage-first heap   total 133120K, used 22581K [0x0000000780000000, 0x0000000800000000)
  region size 1024K, 12 young (12288K), 2 survivors (2048K)
 Metaspace       used 7930K, committed 8192K, reserved 1114112K
  class space    used 841K, committed 960K, reserved 1048576K
GC Heap History (6 events):
Event: 5.304 GC heap before
{Heap before GC invocations=0 (full 0):
 garbage-first heap   total 133120K, used 39948K [0x0000000780000000, 0x0000000800000000)
  region size 1024K, 23 young (23552K), 0 survivors (0K)
 Metaspace       used 7716K, committed 8000K, reserved 1114112K
  class space    used 820K, committed 960K, reserved 1048576K
}
Event: 5.309 GC heap after
{Heap after GC invocations=1 (full 0):
 garbage-first heap   total 133120K, used 15852K [0x0000000780000000, 0x0000000800000000)
  region size 1024K, 2 young (2048K), 2 survivors (2048K)
 Metaspace       used 7716K, committed 8000K, reserved 1114112K
  class space    used 820K, committed 960K, reserved 1048576K
}
Event: 162.600 GC heap before
{Heap before GC invocations=1 (full 0):
 garbage-first heap   total 133120K, used 63980K [0x0000000780000000, 0x0000000800000000)
  region size 1024K, 49 young (50176K), 2 survivors (2048K)
 Metaspace       used 7757K, committed 8064K, reserved 1114112K
  class space    used 820K, committed 960K, reserved 1048576K
}
Event: 162.605 GC heap after
{Heap after GC invocations=2 (full 0):
 garbage-first heap   total 133120K, used 12803K [0x0000000780000000, 0x0000000800000000)
  region size 1024K, 2 young (2048K), 2 survivors (2048K)
 Metaspace       used 7757K, committed 8064K, reserved 1114112K
  class space    used 820K, committed 960K, reserved 1048576K
}
Event: 444.837 GC heap before
{Heap before GC invocations=2 (full 0):
 garbage-first heap   total 133120K, used 88579K [0x0000000780000000, 0x0000000800000000)
  region size 1024K, 76 young (77824K), 2 survivors (2048K)
 Metaspace       used 7930K, committed 8192K, reserved 1114112K
  class space    used 841K, committed 960K, reserved 1048576K
}
Event: 444.842 GC heap after
{Heap after GC invocations=3 (full 0):
 garbage-first heap   total 133120K, used 12851K [0x0000000780000000, 0x0000000800000000)
  region size 1024K, 2 young (2048K), 2 survivors (2048K)
 Metaspace       used 7930K, committed 8192K, reserved 1114112K
  class space    used 841K, committed 960K, reserved 1048576K
}

