# JRE version: OpenJDK Runtime Environment (21.0.1+12) (build 21.0.1+12-29)
# Java VM: OpenJDK 64-Bit Server VM (21.0.1+12-29, mixed mode, sharing, tiered, compressed oops, compressed class ptrs, g1 gc, bsd-aarch64)
Heap:
 garbage-first heap   total 133120K, used 59351K [0x0000000780000000, 0x0000000800000000)
  region size 1024K, 48 young (49152K), 2 survivors (2048K)
 Metaspace       used 7985K, committed 8256K, reserved 1114112K
  class space    used 852K, committed 960K, reserved 1048576K
GC Heap History (10 events):
Event: 4.877 GC heap before
{Heap before GC invocations=0 (full 0):
 garbage-first heap   total 133120K, used 39948K [0x0000000780000000, 0x0000000800000000)
  region size 1024K, 23 young (23552K), 0 survivors (0K)
 Metaspace       used 7856K, committed 8128K, reserved 1114112K
  class space    used 841K, committed 960K, reserved 1048576K
}
Event: 4.879 GC heap after
{Heap after GC invocations=1 (full 0):
 garbage-first heap   total 133120K, used 15852K [0x0000000780000000, 0x0000000800000000)
  region size 1024K, 2 young (2048K), 2 survivors (2048K)
 Metaspace       used 7856K, committed 8128K, reserved 1114112K
  class space    used 841K, committed 960K, reserved 1048576K
}
Event: 182.056 GC heap before
{Heap before GC invocations=1 (full 0):
 garbage-first heap   total 133120K, used 65004K [0x0000000780000000, 0x0000000800000000)
  region size 1024K, 50 young (51200K), 2 survivors (2048K)
 Metaspace       used 7892K, committed 8128K, reserved 1114112K
  class space    used 841K, committed 960K, reserved 1048576K
}
Event: 182.064 GC heap after
{Heap after GC invocations=2 (full 0):
 garbage-first heap   total 133120K, used 12799K [0x0000000780000000, 0x0000000800000000)
  region size 1024K, 2 young (2048K), 2 survivors (2048K)
 Metaspace       used 7892K, committed 8128K, reserved 1114112K
  class space    used 841K, committed 960K, reserved 1048576K
}
Event: 482.127 GC heap before
{Heap before GC invocations=2 (full 0):
 garbage-first heap   total 133120K, used 88575K [0x0000000780000000, 0x0000000800000000)
  region size 1024K, 76 young (77824K), 2 survivors (2048K)
 Metaspace       used 7896K, committed 8192K, reserved 1114112K
  class space    used 841K, committed 960K, reserved 1048576K
}
Event: 482.135 GC heap after
{Heap after GC invocations=3 (full 0):
 garbage-first heap   total 133120K, used 12730K [0x0000000780000000, 0x0000000800000000)
  region size 1024K, 2 young (2048K), 2 survivors (2048K)
 Metaspace       used 7896K, committed 8192K, reserved 1114112K
  class space    used 841K, committed 960K, reserved 1048576K
}
Event: 763.644 GC heap before
{Heap before GC invocations=3 (full 0):
 garbage-first heap   total 133120K, used 88506K [0x0000000780000000, 0x0000000800000000)
  region size 1024K, 76 young (77824K), 2 survivors (2048K)
 Metaspace       used 7915K, committed 8192K, reserved 1114112K
  class space    used 841K, committed 960K, reserved 1048576K
}
Event: 763.655 GC heap after
{Heap after GC invocations=4 (full 0):
 garbage-first heap   total 133120K, used 12829K [0x0000000780000000, 0x0000000800000000)
  region size 1024K, 2 young (2048K), 2 survivors (2048K)
 Metaspace       used 7915K, committed 8192K, reserved 1114112K
  class space    used 841K, committed 960K, reserved 1048576K
}
Event: 1016.213 GC heap before
{Heap before GC invocations=4 (full 0):
 garbage-first heap   total 133120K, used 88605K [0x0000000780000000, 0x0000000800000000)
  region size 1024K, 76 young (77824K), 2 survivors (2048K)
 Metaspace       used 7985K, committed 8256K, reserved 1114112K
  class space    used 852K, committed 960K, reserved 1048576K
}
Event: 1016.221 GC heap after
{Heap after GC invocations=5 (full 0):
 garbage-first heap   total 133120K, used 12757K [0x0000000780000000, 0x0000000800000000)
  region size 1024K, 2 young (2048K), 2 survivors (2048K)
 Metaspace       used 7985K, committed 8256K, reserved 1114112K
  class space    used 852K, committed 960K, reserved 1048576K
}

