# JRE version: OpenJDK Runtime Environment (21.0.1+12) (build 21.0.1+12-29)
# Java VM: OpenJDK 64-Bit Server VM (21.0.1+12-29, mixed mode, sharing, tiered, compressed oops, compressed class ptrs, g1 gc, bsd-aarch64)
Heap:
 garbage-first heap   total 133120K, used 38361K [0x0000000780000000, 0x0000000800000000)
  region size 1024K, 27 young (27648K), 2 survivors (2048K)
 Metaspace       used 7998K, committed 8256K, reserved 1114112K
  class space    used 841K, committed 960K, reserved 1048576K
GC Heap History (18 events):
Event: 4.615 GC heap before
{Heap before GC invocations=0 (full 0):
 garbage-first heap   total 133120K, used 39948K [0x0000000780000000, 0x0000000800000000)
  region size 1024K, 23 young (23552K), 0 survivors (0K)
 Metaspace       used 7854K, committed 8128K, reserved 1114112K
  class space    used 840K, committed 960K, reserved 1048576K
}
Event: 4.617 GC heap after
{Heap after GC invocations=1 (full 0):
 garbage-first heap   total 133120K, used 15820K [0x0000000780000000, 0x0000000800000000)
  region size 1024K, 2 young (2048K), 2 survivors (2048K)
 Metaspace       used 7854K, committed 8128K, reserved 1114112K
  class space    used 840K, committed 960K, reserved 1048576K
}
Event: 173.954 GC heap before
{Heap before GC invocations=1 (full 0):
 garbage-first heap   total 133120K, used 65996K [0x0000000780000000, 0x0000000800000000)
  region size 1024K, 51 young (52224K), 2 survivors (2048K)
 Metaspace       used 7993K, committed 8256K, reserved 1114112K
  class space    used 841K, committed 960K, reserved 1048576K
}
Event: 173.964 GC heap after
{Heap after GC invocations=2 (full 0):
 garbage-first heap   total 133120K, used 12769K [0x0000000780000000, 0x0000000800000000)
  region size 1024K, 2 young (2048K), 2 survivors (2048K)
 Metaspace       used 7993K, committed 8256K, reserved 1114112K
  class space    used 841K, committed 960K, reserved 1048576K
}
Event: 430.164 GC heap before
{Heap before GC invocations=2 (full 0):
 garbage-first heap   total 133120K, used 88545K [0x0000000780000000, 0x0000000800000000)
  region size 1024K, 76 young (77824K), 2 survivors (2048K)
 Metaspace       used 7997K, committed 8256K, reserved 1114112K
  class space    used 841K, committed 960K, reserved 1048576K
}
Event: 430.172 GC heap after
{Heap after GC invocations=3 (full 0):
 garbage-first heap   total 133120K, used 12863K [0x0000000780000000, 0x0000000800000000)
  region size 1024K, 2 young (2048K), 2 survivors (2048K)
 Metaspace       used 7997K, committed 8256K, reserved 1114112K
  class space    used 841K, committed 960K, reserved 1048576K
}
Event: 687.883 GC heap before
{Heap before GC invocations=3 (full 0):
 garbage-first heap   total 133120K, used 88639K [0x0000000780000000, 0x0000000800000000)
  region size 1024K, 76 young (77824K), 2 survivors (2048K)
 Metaspace       used 7997K, committed 8256K, reserved 1114112K
  class space    used 841K, committed 960K, reserved 1048576K
}
Event: 687.895 GC heap after
{Heap after GC invocations=4 (full 0):
 garbage-first heap   total 133120K, used 12727K [0x0000000780000000, 0x0000000800000000)
  region size 1024K, 2 young (2048K), 2 survivors (2048K)
 Metaspace       used 7997K, committed 8256K, reserved 1114112K
  class space    used 841K, committed 960K, reserved 1048576K
}
Event: 960.441 GC heap before
{Heap before GC invocations=4 (full 0):
 garbage-first heap   total 133120K, used 88503K [0x0000000780000000, 0x0000000800000000)
  region size 1024K, 76 young (77824K), 2 survivors (2048K)
 Metaspace       used 7997K, committed 8256K, reserved 1114112K
  class space    used 841K, committed 960K, reserved 1048576K
}
Event: 960.453 GC heap after
{Heap after GC invocations=5 (full 0):
 garbage-first heap   total 133120K, used 12787K [0x0000000780000000, 0x0000000800000000)
  region size 1024K, 2 young (2048K), 2 survivors (2048K)
 Metaspace       used 7997K, committed 8256K, reserved 1114112K
  class space    used 841K, committed 960K, reserved 1048576K
}
Event: 1217.706 GC heap before
{Heap before GC invocations=5 (full 0):
 garbage-first heap   total 133120K, used 88563K [0x0000000780000000, 0x0000000800000000)
  region size 1024K, 76 young (77824K), 2 survivors (2048K)
 Metaspace       used 7997K, committed 8256K, reserved 1114112K
  class space    used 841K, committed 960K, reserved 1048576K
}
Event: 1217.717 GC heap after
{Heap after GC invocations=6 (full 0):
 garbage-first heap   total 133120K, used 12755K [0x0000000780000000, 0x0000000800000000)
  region size 1024K, 2 young (2048K), 2 survivors (2048K)
 Metaspace       used 7997K, committed 8256K, reserved 1114112K
  class space    used 841K, committed 960K, reserved 1048576K
}
Event: 1474.826 GC heap before
{Heap before GC invocations=6 (full 0):
 garbage-first heap   total 133120K, used 88531K [0x0000000780000000, 0x0000000800000000)
  region size 1024K, 76 young (77824K), 2 survivors (2048K)
 Metaspace       used 7998K, committed 8256K, reserved 1114112K
  class space    used 841K, committed 960K, reserved 1048576K
}
Event: 1474.835 GC heap after
{Heap after GC invocations=7 (full 0):
 garbage-first heap   total 133120K, used 12757K [0x0000000780000000, 0x0000000800000000)
  region size 1024K, 2 young (2048K), 2 survivors (2048K)
 Metaspace       used 7998K, committed 8256K, reserved 1114112K
  class space    used 841K, committed 960K, reserved 1048576K
}
Event: 1731.869 GC heap before
{Heap before GC invocations=7 (full 0):
 garbage-first heap   total 133120K, used 88533K [0x0000000780000000, 0x0000000800000000)
  region size 1024K, 76 young (77824K), 2 survivors (2048K)
 Metaspace       used 7998K, committed 8256K, reserved 1114112K
  class space    used 841K, committed 960K, reserved 1048576K
}
Event: 1731.879 GC heap after
{Heap after GC invocations=8 (full 0):
 garbage-first heap   total 133120K, used 12731K [0x0000000780000000, 0x0000000800000000)
  region size 1024K, 2 young (2048K), 2 survivors (2048K)
 Metaspace       used 7998K, committed 8256K, reserved 1114112K
  class space    used 841K, committed 960K, reserved 1048576K
}
Event: 1991.035 GC heap before
{Heap before GC invocations=8 (full 0):
 garbage-first heap   total 133120K, used 88507K [0x0000000780000000, 0x0000000800000000)
  region size 1024K, 76 young (77824K), 2 survivors (2048K)
 Metaspace       used 7998K, committed 8256K, reserved 1114112K
  class space    used 841K, committed 960K, reserved 1048576K
}
Event: 1991.049 GC heap after
{Heap after GC invocations=9 (full 0):
 garbage-first heap   total 133120K, used 12761K [0x0000000780000000, 0x0000000800000000)
  region size 1024K, 2 young (2048K), 2 survivors (2048K)
 Metaspace       used 7998K, committed 8256K, reserved 1114112K
  class space    used 841K, committed 960K, reserved 1048576K
}

